<?xml version="1.0" encoding="UTF-8"?>
<!-- Generated by org.testng.reporters.JUnitReportReporter -->
<testsuite hostname="Aryans-MacBook-Pro.local" failures="0" tests="4" name="api.test.StoreTestsViaProperties" time="8.298" errors="0" timestamp="2024-06-10T23:56:27 IST" skipped="0">
  <testcase classname="api.test.StoreTestsViaProperties" name="getStoreInventory" time="3.369"/>
  <testcase classname="api.test.StoreTestsViaProperties" name="placeOrder" time="1.962"/>
  <testcase classname="api.test.StoreTestsViaProperties" name="getOrderById" time="1.552"/>
  <testcase classname="api.test.StoreTestsViaProperties" name="deleteOrderById" time="1.415"/>
</testsuite> <!-- api.test.StoreTestsViaProperties -->
