<?xml version="1.0" encoding="UTF-8"?>
<!-- Generated by org.testng.reporters.JUnitReportReporter -->
<testsuite hostname="Aryans-MacBook-Pro.local" failures="0" tests="4" name="api.test.UserTests" time="8.868" errors="0" timestamp="2024-06-07T17:49:45 IST" skipped="0">
  <testcase classname="api.test.UserTests" name="testPutUser" time="3.158"/>
  <testcase classname="api.test.UserTests" name="testGetUser" time="1.533"/>
  <testcase classname="api.test.UserTests" name="testUpdateUser" time="2.831"/>
  <testcase classname="api.test.UserTests" name="testDeleteUser" time="1.346"/>
</testsuite> <!-- api.test.UserTests -->
