<?xml version="1.0" encoding="UTF-8"?>
<!-- Generated by org.testng.reporters.JUnitReportReporter -->
<testsuite hostname="Aryans-MacBook-Pro.local" failures="0" tests="4" name="api.test.UserTestsViaProperties" time="10.181" errors="0" timestamp="2024-06-07T22:01:42 IST" skipped="0">
  <testcase classname="api.test.UserTestsViaProperties" name="testPutUser" time="4.513"/>
  <testcase classname="api.test.UserTestsViaProperties" name="testGetUser" time="1.438"/>
  <testcase classname="api.test.UserTestsViaProperties" name="testUpdateUser" time="2.862"/>
  <testcase classname="api.test.UserTestsViaProperties" name="testDeleteUser" time="1.368"/>
</testsuite> <!-- api.test.UserTestsViaProperties -->
