<?xml version="1.0" encoding="UTF-8"?>
<!-- Generated by org.testng.reporters.JUnitReportReporter -->
<testsuite hostname="Aryans-MacBook-Pro.local" failures="0" tests="3" name="api.test.UserTestsDataDriven" time="5.523" errors="0" timestamp="2024-07-03T20:56:22 IST" skipped="0">
  <testcase classname="api.test.UserTestsDataDriven" name="deleteUser" time="1.240"/>
  <testcase classname="api.test.UserTestsDataDriven" name="deleteUser" time="1.506"/>
  <testcase classname="api.test.UserTestsDataDriven" name="deleteUser" time="2.777"/>
</testsuite> <!-- api.test.UserTestsDataDriven -->
