<?xml version="1.0" encoding="UTF-8"?>
<!-- Generated by org.testng.reporters.JUnitReportReporter -->
<testsuite hostname="Aryans-MacBook-Pro.local" failures="0" tests="3" name="api.test.UserDataDrivenTests" time="6.515" errors="0" timestamp="2024-07-01T18:05:08 IST" skipped="0">
  <testcase classname="api.test.UserDataDrivenTests" name="testPostUser" time="2.969"/>
  <testcase classname="api.test.UserDataDrivenTests" name="testPostUser" time="1.829"/>
  <testcase classname="api.test.UserDataDrivenTests" name="testPostUser" time="1.717"/>
</testsuite> <!-- api.test.UserDataDrivenTests -->
