<?xml version="1.0" encoding="UTF-8"?>
<!-- Generated by org.testng.reporters.JUnitReportReporter -->
<testsuite hostname="Aryans-MacBook-Pro.local" failures="0" tests="1" name="api.test.UserTestsViaProperties" time="4.253" errors="0" timestamp="2024-07-03T15:58:09 IST" skipped="0">
  <testcase classname="api.test.UserTestsViaProperties" name="testUpdateUser" time="4.253"/>
</testsuite> <!-- api.test.UserTestsViaProperties -->
