<?xml version="1.0" encoding="UTF-8"?>
<!-- Generated by org.testng.reporters.JUnitReportReporter -->
<testsuite hostname="Aryans-MacBook-Pro.local" failures="0" tests="1" name="api.test.PetTestsViaProperties" time="3.268" errors="0" timestamp="2024-06-13T10:45:51 IST" skipped="0">
  <testcase classname="api.test.PetTestsViaProperties" name="addPetToStore" time="3.268"/>
</testsuite> <!-- api.test.PetTestsViaProperties -->
