<?xml version="1.0" encoding="UTF-8"?>
<!-- Generated by org.testng.reporters.JUnitReportReporter -->
<testsuite hostname="Aryans-MacBook-Pro.local" failures="0" tests="4" name="api.test.UserTestsViaProperties" time="9.623" errors="0" timestamp="2024-06-08T11:15:49 IST" skipped="0">
  <testcase classname="api.test.UserTestsViaProperties" name="testPutUser" time="4.114"/>
  <testcase classname="api.test.UserTestsViaProperties" name="testGetUser" time="1.387"/>
  <testcase classname="api.test.UserTestsViaProperties" name="testUpdateUser" time="2.783"/>
  <testcase classname="api.test.UserTestsViaProperties" name="testDeleteUser" time="1.339"/>
</testsuite> <!-- api.test.UserTestsViaProperties -->
