<?xml version="1.0" encoding="UTF-8"?>
<!-- Generated by org.testng.reporters.JUnitReportReporter -->
<testsuite hostname="Aryans-MacBook-Pro.local" failures="0" tests="4" name="api.test.UserTestsViaProperties" time="9.377" errors="0" timestamp="2024-06-09T20:31:37 IST" skipped="0">
  <testcase classname="api.test.UserTestsViaProperties" name="testPutUser" time="4.159"/>
  <testcase classname="api.test.UserTestsViaProperties" name="testGetUser" time="1.342"/>
  <testcase classname="api.test.UserTestsViaProperties" name="testUpdateUser" time="2.606"/>
  <testcase classname="api.test.UserTestsViaProperties" name="testDeleteUser" time="1.270"/>
</testsuite> <!-- api.test.UserTestsViaProperties -->
