<?xml version="1.0" encoding="UTF-8"?>
<!-- Generated by org.testng.reporters.JUnitReportReporter -->
<testsuite hostname="Aryans-MacBook-Pro.local" failures="0" tests="4" name="api.test.UserTestsViaProperties" time="9.925" errors="0" timestamp="2024-07-01T16:56:29 IST" skipped="0">
  <testcase classname="api.test.UserTestsViaProperties" name="testPutUser" time="3.399"/>
  <testcase classname="api.test.UserTestsViaProperties" name="testGetUser" time="1.666"/>
  <testcase classname="api.test.UserTestsViaProperties" name="testUpdateUser" time="3.373"/>
  <testcase classname="api.test.UserTestsViaProperties" name="testDeleteUser" time="1.487"/>
</testsuite> <!-- api.test.UserTestsViaProperties -->
