<?xml version="1.0" encoding="UTF-8"?>
<!-- Generated by org.testng.reporters.JUnitReportReporter -->
<testsuite hostname="Aryans-MacBook-Pro.local" failures="0" tests="6" name="api.test.DataDrivenTests" time="10.031" errors="0" timestamp="2024-06-09T20:48:10 IST" skipped="0">
  <testcase classname="api.test.DataDrivenTests" name="testPostUser" time="1.293"/>
  <testcase classname="api.test.DataDrivenTests" name="testPostUser" time="1.331"/>
  <testcase classname="api.test.DataDrivenTests" name="testPostUser" time="3.561"/>
  <testcase classname="api.test.DataDrivenTests" name="testDeleteUserByUsername" time="1.274"/>
  <testcase classname="api.test.DataDrivenTests" name="testDeleteUserByUsername" time="1.289"/>
  <testcase classname="api.test.DataDrivenTests" name="testDeleteUserByUsername" time="1.283"/>
</testsuite> <!-- api.test.DataDrivenTests -->
